Loaded module: python3/3.6.2
Loaded dependency [gcc/6.4.0]: binutils/2.29
Loaded module: gcc/6.4.0
python3/3.6.2 is already loaded.
Loaded module: cuda/8.0
Loaded module: cudnn/v7.0-prod-cuda8
Loaded module: ffmpeg/4.2.2
/zhome/44/f/137050/.lsbatch/1607345809.8504765.shell: line 1: syntax error near unexpected token `newline'
/zhome/44/f/137050/.lsbatch/1607345809.8504765.shell: line 1: `bsub> '

------------------------------------------------------------
Sender: LSF System <lsfadmin@n-62-11-69>
Subject: Job 8504765: <NONAME> in cluster <dcc> Exited

Job <NONAME> was submitted from host <gbarlogin2> by user <s183742> in cluster <dcc> at Mon Dec  7 13:56:49 2020
Job was executed on host(s) <n-62-11-69>, in queue <hpc>, as user <s183742> in cluster <dcc> at Mon Dec  7 13:56:50 2020
</zhome/44/f/137050> was used as the home directory.
</zhome/44/f/137050/Baselinewithvalidation/Heist> was used as the working directory.
Started at Mon Dec  7 13:56:50 2020
Terminated at Mon Dec  7 13:56:52 2020
Results reported at Mon Dec  7 13:56:52 2020

Your job looked like:

------------------------------------------------------------
# LSBATCH: User input
bsub> 
------------------------------------------------------------

Exited with exit code 2.

Resource usage summary:

    CPU time :                                   0.55 sec.
    Max Memory :                                 -
    Average Memory :                             -
    Total Requested Memory :                     1024.00 MB
    Delta Memory :                               -
    Max Swap :                                   -
    Max Processes :                              -
    Max Threads :                                -
    Run time :                                   4 sec.
    Turnaround time :                            3 sec.

The output (if any) is above this job summary.

